<?xml version="1.0" encoding="UTF-8"?>
<coverage generated="1755702752104" clover="3.2.0">
  <project timestamp="1755702752104" name="All files">
    <metrics statements="8" coveredstatements="7" conditionals="4" coveredconditionals="3" methods="2" coveredmethods="1" elements="14" coveredelements="11" complexity="0" loc="8" ncloc="8" packages="1" files="1" classes="1"/>
    <file name="server.js" path="C:\Users\david\Desktop\MATERIAS_DE_ ITLA\Octavo_Cuatrimestre\Electiva 2\ProyectoFinal\devops-ci-cd-final\src\server.js">
      <metrics statements="8" coveredstatements="7" conditionals="4" coveredconditionals="3" methods="2" coveredmethods="1"/>
      <line num="1" count="1" type="stmt"/>
      <line num="2" count="1" type="stmt"/>
      <line num="3" count="1" type="cond" truecount="2" falsecount="0"/>
      <line num="5" count="1" type="stmt"/>
      <line num="6" count="1" type="stmt"/>
      <line num="9" count="1" type="stmt"/>
      <line num="10" count="1" type="cond" truecount="1" falsecount="1"/>
      <line num="11" count="0" type="stmt"/>
    </file>
  </project>
</coverage>
